<?xml version="1.0" encoding="UTF-8"?>
<robot generator="Robot 7.1.1 (Python 3.13.0 on darwin)" generated="2024-11-29T15:29:10.261680" rpa="false" schemaversion="5">
<suite id="s1" name="Api Test" source="/Users/mustafaajanovic/Desktop/wiser/api_test.robot">
<test id="s1-t1" name="Turn On Load" line="23">
<kw name="Set Variable" owner="BuiltIn">
<msg time="2024-11-29T15:29:10.316104" level="INFO">${auth_token} = 1125cf2f-2b28-4929-925f-5b1ab433b5a5</msg>
<var>${auth_token}</var>
<arg>${TOKEN}</arg>
<doc>Returns the given values which can then be assigned to a variables.</doc>
<status status="PASS" start="2024-11-29T15:29:10.315999" elapsed="0.000126"/>
</kw>
<kw name="Set Variable" owner="BuiltIn">
<msg time="2024-11-29T15:29:10.316409" level="INFO">${load_id} = 1</msg>
<var>${load_id}</var>
<arg>${1}</arg>
<doc>Returns the given values which can then be assigned to a variables.</doc>
<status status="PASS" start="2024-11-29T15:29:10.316205" elapsed="0.000215"/>
</kw>
<kw name="Set Load State" owner="api_calls">
<msg time="2024-11-29T15:29:10.767236" level="INFO">{'Authorization': 'Bearer 1125cf2f-2b28-4929-925f-5b1ab433b5a5', 'Content-Type': 'application/json'}</msg>
<msg time="2024-11-29T15:29:10.767684" level="INFO">${response} = StateSet</msg>
<var>${response}</var>
<arg>${BASE_URL}</arg>
<arg>${auth_token}</arg>
<arg>${load_id}</arg>
<arg>${UPALI}</arg>
<status status="PASS" start="2024-11-29T15:29:10.316477" elapsed="0.451271"/>
</kw>
<kw name="Should Be Equal" owner="BuiltIn">
<arg>${response}</arg>
<arg>${STATESET}</arg>
<doc>Fails if the given objects are unequal.</doc>
<status status="PASS" start="2024-11-29T15:29:10.768401" elapsed="0.000555"/>
</kw>
<kw name="Sleep" owner="BuiltIn">
<msg time="2024-11-29T15:29:15.771343" level="INFO">Slept 5 seconds.</msg>
<arg>5s</arg>
<doc>Pauses the test executed for the given time.</doc>
<status status="PASS" start="2024-11-29T15:29:10.769184" elapsed="5.002610"/>
</kw>
<status status="PASS" start="2024-11-29T15:29:10.315650" elapsed="5.456875"/>
</test>
<test id="s1-t2" name="Turn Off Load" line="31">
<kw name="Set Variable" owner="BuiltIn">
<msg time="2024-11-29T15:29:15.774833" level="INFO">${auth_token} = 1125cf2f-2b28-4929-925f-5b1ab433b5a5</msg>
<var>${auth_token}</var>
<arg>${TOKEN}</arg>
<doc>Returns the given values which can then be assigned to a variables.</doc>
<status status="PASS" start="2024-11-29T15:29:15.774316" elapsed="0.000581"/>
</kw>
<kw name="Set Variable" owner="BuiltIn">
<msg time="2024-11-29T15:29:15.775819" level="INFO">${load_id} = 1</msg>
<var>${load_id}</var>
<arg>${1}</arg>
<doc>Returns the given values which can then be assigned to a variables.</doc>
<status status="PASS" start="2024-11-29T15:29:15.775105" elapsed="0.000744"/>
</kw>
<kw name="Set Load State" owner="api_calls">
<msg time="2024-11-29T15:29:16.105422" level="INFO">{'Authorization': 'Bearer 1125cf2f-2b28-4929-925f-5b1ab433b5a5', 'Content-Type': 'application/json'}</msg>
<msg time="2024-11-29T15:29:16.105886" level="INFO">${response} = StateSet</msg>
<var>${response}</var>
<arg>${BASE_URL}</arg>
<arg>${auth_token}</arg>
<arg>${load_id}</arg>
<arg>${UGASI}</arg>
<status status="PASS" start="2024-11-29T15:29:15.776001" elapsed="0.329946"/>
</kw>
<kw name="Should Be Equal" owner="BuiltIn">
<arg>${response}</arg>
<arg>${STATESET}</arg>
<doc>Fails if the given objects are unequal.</doc>
<status status="PASS" start="2024-11-29T15:29:16.106597" elapsed="0.000592"/>
</kw>
<status status="PASS" start="2024-11-29T15:29:15.773232" elapsed="0.334247"/>
</test>
<test id="s1-t3" name="Get API Info" line="38">
<kw name="Get Api Info" owner="api_calls">
<msg time="2024-11-29T15:29:16.501697" level="INFO">${info} = {'data': {'instance_id': 35083, 'sn': '018633_B_000345', 'sw': '5.0.1-0', 'api': '5.0', 'product': '9020.001.002', 'boot': '1.4.1'}, 'status': 'success'}</msg>
<var>${info}</var>
<arg>${BASE_URL}</arg>
<status status="PASS" start="2024-11-29T15:29:16.108393" elapsed="0.393396"/>
</kw>
<kw name="Log" owner="BuiltIn">
<msg time="2024-11-29T15:29:16.502512" level="INFO">{'data': {'instance_id': 35083, 'sn': '018633_B_000345', 'sw': '5.0.1-0', 'api': '5.0', 'product': '9020.001.002', 'boot': '1.4.1'}, 'status': 'success'}</msg>
<arg>${info}</arg>
<doc>Logs the given message with the given level.</doc>
<status status="PASS" start="2024-11-29T15:29:16.502210" elapsed="0.000354"/>
</kw>
<status status="PASS" start="2024-11-29T15:29:16.107914" elapsed="0.394817"/>
</test>
<test id="s1-t4" name="Post Room Creation" line="50">
<kw name="Post Room Creation" owner="api_calls">
<msg time="2024-11-29T15:29:17.016778" level="INFO">${response} = {'data': {'id': 15, 'kind': '1', 'name': 'Living room'}, 'status': 'success'}</msg>
<var>${response}</var>
<arg>${BASE_URL}</arg>
<arg>${TOKEN}</arg>
<arg>${ROOM_NAME}</arg>
<arg>${ROOM_KIND}</arg>
<status status="PASS" start="2024-11-29T15:29:16.503371" elapsed="0.513537"/>
</kw>
<kw name="Log" owner="BuiltIn">
<msg time="2024-11-29T15:29:17.017993" level="INFO">{'data': {'id': 15, 'kind': '1', 'name': 'Living room'}, 'status': 'success'}</msg>
<arg>${response}</arg>
<doc>Logs the given message with the given level.</doc>
<status status="PASS" start="2024-11-29T15:29:17.017518" elapsed="0.000579"/>
</kw>
<status status="PASS" start="2024-11-29T15:29:16.502988" elapsed="0.515428"/>
</test>
<test id="s1-t5" name="Patch Load Update" line="54">
<kw name="Patch Load Update" owner="api_calls">
<msg time="2024-11-29T15:29:17.524572" level="INFO">${response} = {'data': {'type': 'onoff', 'state': {'bri': 0}, 'room': '3', 'unused': False, 'name': 'Living bulb', 'device': '00022d40', 'scenes': 4, 'id': 1, 'channel': 0, 'kind': 1}, 'status': 'success'}</msg>
<var>${response}</var>
<arg>${BASE_URL}</arg>
<arg>${TOKEN}</arg>
<arg>${LOAD_ID}</arg>
<arg>${LOAD_NAME}</arg>
<arg>${ROOM_ID}</arg>
<status status="PASS" start="2024-11-29T15:29:17.019583" elapsed="0.505119"/>
</kw>
<kw name="Log" owner="BuiltIn">
<msg time="2024-11-29T15:29:17.525796" level="INFO">{'data': {'type': 'onoff', 'state': {'bri': 0}, 'room': '3', 'unused': False, 'name': 'Living bulb', 'device': '00022d40', 'scenes': 4, 'id': 1, 'channel': 0, 'kind': 1}, 'status': 'success'}</msg>
<arg>${response}</arg>
<doc>Logs the given message with the given level.</doc>
<status status="PASS" start="2024-11-29T15:29:17.525300" elapsed="0.000613"/>
</kw>
<status status="PASS" start="2024-11-29T15:29:17.018939" elapsed="0.507351"/>
</test>
<test id="s1-t6" name="Put Target State Update" line="58">
<kw name="Put Target State Update" owner="api_calls">
<msg time="2024-11-29T15:29:18.141886" level="INFO">{'Authorization': 'Bearer 1125cf2f-2b28-4929-925f-5b1ab433b5a5', 'Content-Type': 'application/json'}</msg>
<msg time="2024-11-29T15:29:18.142328" level="INFO">${response} = StateSet</msg>
<var>${response}</var>
<arg>${BASE_URL}</arg>
<arg>${TOKEN}</arg>
<arg>${LOAD_ID}</arg>
<arg>${UPALI}</arg>
<status status="PASS" start="2024-11-29T15:29:17.527457" elapsed="0.614934"/>
</kw>
<status status="PASS" start="2024-11-29T15:29:17.526795" elapsed="0.616088"/>
</test>
<status status="PASS" start="2024-11-29T15:29:10.262306" elapsed="7.881825"/>
</suite>
<statistics>
<total>
<stat pass="6" fail="0" skip="0">All Tests</stat>
</total>
<tag>
</tag>
<suite>
<stat pass="6" fail="0" skip="0" id="s1" name="Api Test">Api Test</stat>
</suite>
</statistics>
<errors>
</errors>
</robot>
