<?xml version="1.0" encoding="UTF-8"?>
<robot generator="Robot 7.1.1 (Python 3.13.0 on darwin)" generated="2024-11-29T11:17:04.861531" rpa="false" schemaversion="5">
<suite id="s1" name="Api Test" source="/Users/mustafaajanovic/Desktop/robot/api_test.robot">
<test id="s1-t1" name="Turn On Load" line="15">
<kw name="Set Variable" owner="BuiltIn">
<msg time="2024-11-29T11:17:04.921979" level="INFO">${auth_token} = 0599d4dc-ecdf-4798-9bd8-2d5bc2ffe555</msg>
<var>${auth_token}</var>
<arg>${TOKEN}</arg>
<doc>Returns the given values which can then be assigned to a variables.</doc>
<status status="PASS" start="2024-11-29T11:17:04.921869" elapsed="0.000132"/>
</kw>
<kw name="Set Variable" owner="BuiltIn">
<msg time="2024-11-29T11:17:04.922271" level="INFO">${load_id} = 1</msg>
<var>${load_id}</var>
<arg>${1}</arg>
<doc>Returns the given values which can then be assigned to a variables.</doc>
<status status="PASS" start="2024-11-29T11:17:04.922084" elapsed="0.000198"/>
</kw>
<kw name="Set Load State" owner="api_calls">
<msg time="2024-11-29T11:17:05.374906" level="INFO">{'Authorization': 'Bearer 0599d4dc-ecdf-4798-9bd8-2d5bc2ffe555', 'Content-Type': 'application/json'}</msg>
<msg time="2024-11-29T11:17:05.375255" level="INFO">${response} = StateSet</msg>
<var>${response}</var>
<arg>${BASE_URL}</arg>
<arg>${auth_token}</arg>
<arg>${load_id}</arg>
<arg>${UPALI}</arg>
<status status="PASS" start="2024-11-29T11:17:04.922339" elapsed="0.452974"/>
</kw>
<kw name="Should Be Equal" owner="BuiltIn">
<arg>${response}</arg>
<arg>${STATESET}</arg>
<doc>Fails if the given objects are unequal.</doc>
<status status="PASS" start="2024-11-29T11:17:05.375860" elapsed="0.000805"/>
</kw>
<kw name="Sleep" owner="BuiltIn">
<msg time="2024-11-29T11:17:10.379764" level="INFO">Slept 5 seconds.</msg>
<arg>5s</arg>
<doc>Pauses the test executed for the given time.</doc>
<status status="PASS" start="2024-11-29T11:17:05.377040" elapsed="5.003151"/>
</kw>
<status status="PASS" start="2024-11-29T11:17:04.921511" elapsed="5.459297"/>
</test>
<test id="s1-t2" name="Turn Off Load" line="23">
<kw name="Set Variable" owner="BuiltIn">
<msg time="2024-11-29T11:17:10.382807" level="INFO">${auth_token} = 0599d4dc-ecdf-4798-9bd8-2d5bc2ffe555</msg>
<var>${auth_token}</var>
<arg>${TOKEN}</arg>
<doc>Returns the given values which can then be assigned to a variables.</doc>
<status status="PASS" start="2024-11-29T11:17:10.382415" elapsed="0.000430"/>
</kw>
<kw name="Set Variable" owner="BuiltIn">
<msg time="2024-11-29T11:17:10.383842" level="INFO">${load_id} = 1</msg>
<var>${load_id}</var>
<arg>${1}</arg>
<doc>Returns the given values which can then be assigned to a variables.</doc>
<status status="PASS" start="2024-11-29T11:17:10.383046" elapsed="0.000835"/>
</kw>
<kw name="Set Load State" owner="api_calls">
<msg time="2024-11-29T11:17:10.740188" level="INFO">{'Authorization': 'Bearer 0599d4dc-ecdf-4798-9bd8-2d5bc2ffe555', 'Content-Type': 'application/json'}</msg>
<msg time="2024-11-29T11:17:10.740620" level="INFO">${response} = StateSet</msg>
<var>${response}</var>
<arg>${BASE_URL}</arg>
<arg>${auth_token}</arg>
<arg>${load_id}</arg>
<arg>${UGASI}</arg>
<status status="PASS" start="2024-11-29T11:17:10.384074" elapsed="0.356609"/>
</kw>
<kw name="Should Be Equal" owner="BuiltIn">
<arg>${response}</arg>
<arg>${STATESET}</arg>
<doc>Fails if the given objects are unequal.</doc>
<status status="PASS" start="2024-11-29T11:17:10.741284" elapsed="0.000693"/>
</kw>
<status status="PASS" start="2024-11-29T11:17:10.381478" elapsed="0.360819"/>
</test>
<status status="PASS" start="2024-11-29T11:17:04.862056" elapsed="5.881169"/>
</suite>
<statistics>
<total>
<stat pass="2" fail="0" skip="0">All Tests</stat>
</total>
<tag>
</tag>
<suite>
<stat pass="2" fail="0" skip="0" id="s1" name="Api Test">Api Test</stat>
</suite>
</statistics>
<errors>
</errors>
</robot>
